This is pdfTeX, Version 3.14159265-2.6-1.40.18 (TeX Live 2017/Arch Linux) (preloaded format=pdflatex 2018.4.7)  7 MAY 2018 12:48
entering extended mode
 restricted \write18 enabled.
 file:line:error style messages enabled.
 %&-line parsing enabled.
**Praesentation16zu9.tex
(./Praesentation16zu9.tex
LaTeX2e <2017-04-15>
Babel <3.18> and hyphenation patterns for 84 language(s) loaded.

! LaTeX Error: File `./Ressourcen/Praesentation/Praeambel16zu9.tex' not found.

Type X to quit or <RETURN> to proceed,
or enter new name. (Default extension: tex)

Enter file name: 
./Praesentation16zu9.tex:24: Emergency stop.
<read *> 
         
l.24 ...ssourcen/Praesentation/Praeambel16zu9.tex}
                                                   % Seitenverhältnis 16:9^^M
*** (cannot \read from terminal in nonstop modes)

 
Here is how much of TeX's memory you used:
 7 strings out of 492982
 223 string characters out of 6138580
 54251 words of memory out of 5000000
 3671 multiletter control sequences out of 15000+600000
 3640 words of font info for 14 fonts, out of 8000000 for 9000
 1141 hyphenation exceptions out of 8191
 5i,0n,3p,105b,8s stack positions out of 5000i,500n,10000p,200000b,80000s
./Praesentation16zu9.tex:24:  ==> Fatal error occurred, no output PDF file produced!
